<?xml version="1.0" encoding="UTF-8"?>
<!-- Generated by org.testng.reporters.JUnitReportReporter -->
<testsuite skipped="0" hostname="USER-PC" name="tests.NewTest" tests="1" failures="0" timestamp="14 May 2018 10:53:27 GMT" time="16.034" errors="0">
  <testcase name="openMyBlog" time="16.034" classname="tests.NewTest"/>
</testsuite> <!-- tests.NewTest -->
