<?xml version="1.0" encoding="UTF-8"?>
<!-- Generated by org.testng.reporters.JUnitReportReporter -->
<testsuite skipped="0" hostname="USER-PC" name="tests.Test2" tests="1" failures="0" timestamp="23 May 2018 10:08:55 GMT" time="17.370" errors="0">
  <testcase name="testFacebookHome" time="17.370" classname="tests.Test2"/>
</testsuite> <!-- tests.Test2 -->
