<?xml version="1.0" encoding="UTF-8"?>
<!-- Generated by org.testng.reporters.JUnitReportReporter -->
<testsuite skipped="0" hostname="USER-PC" name="tests.Test4" tests="1" failures="0" timestamp="23 May 2018 10:08:55 GMT" time="17.951" errors="0">
  <testcase name="testFacebookHome" time="17.951" classname="tests.Test4"/>
</testsuite> <!-- tests.Test4 -->
