<?xml version="1.0" encoding="UTF-8"?>
<!-- Generated by org.testng.reporters.JUnitReportReporter -->
<testsuite hostname="USER-PC" name="tests.Test3" tests="1" failures="0" timestamp="23 May 2018 10:12:26 GMT" time="23.571" errors="0">
  <testcase name="testFacebookHome" time="23.571" classname="tests.Test3"/>
</testsuite> <!-- tests.Test3 -->
