<?xml version="1.0" encoding="UTF-8"?>
<!-- Generated by org.testng.reporters.JUnitReportReporter -->
<testsuite hostname="USER-PC" name="tests.Test1" tests="1" failures="0" timestamp="23 May 2018 10:12:26 GMT" time="24.792" errors="0">
  <testcase name="testFacebookHome" time="24.792" classname="tests.Test1"/>
</testsuite> <!-- tests.Test1 -->
