<?xml version="1.0" encoding="UTF-8"?>
<!-- Generated by org.testng.reporters.JUnitReportReporter -->
<testsuite hostname="USER-PC" name="tests.Test2" tests="1" failures="0" timestamp="23 May 2018 10:12:26 GMT" time="31.186" errors="0">
  <testcase name="testFacebookHome" time="31.186" classname="tests.Test2"/>
</testsuite> <!-- tests.Test2 -->
