<?xml version="1.0" encoding="UTF-8"?>
<!-- Generated by org.testng.reporters.JUnitReportReporter -->
<testsuite hostname="USER-PC" name="tests.Test4" tests="1" failures="0" timestamp="23 May 2018 10:12:26 GMT" time="16.327" errors="0">
  <testcase name="testFacebookHome" time="16.327" classname="tests.Test4"/>
</testsuite> <!-- tests.Test4 -->
